<?xml version="1.0" encoding="UTF-8"?>
<testsuite xmlns:xsi="http://www.w3.org/2001/XMLSchema-instance" xsi:noNamespaceSchemaLocation="https://maven.apache.org/surefire/maven-surefire-plugin/xsd/surefire-test-report-3.0.xsd" version="3.0" name="com.minimalism.shared.domain.ServiceConfigurationTests" time="0.011" tests="13" errors="0" skipped="0" failures="0">
  <properties>
[...]
</properties>
  <testcase name="testGetOperatingMode" classname="com.minimalism.shared.domain.ServiceConfigurationTests" time="0"/>
  <testcase name="testSetServiceOutputFailoverEndpoint" classname="com.minimalism.shared.domain.ServiceConfigurationTests" time="0"/>
  <testcase name="testGetFileReadBufferSize" classname="com.minimalism.shared.domain.ServiceConfigurationTests" time="0"/>
  <testcase name="testGetOutputEndPoint_null_input" classname="com.minimalism.shared.domain.ServiceConfigurationTests" time="0"/>
  <testcase name="testGetClientName" classname="com.minimalism.shared.domain.ServiceConfigurationTests" time="0"/>
  <testcase name="testGetOutputFailEndpoint" classname="com.minimalism.shared.domain.ServiceConfigurationTests" time="0"/>
  <testcase name="testGetThreadsLoadingFactor" classname="com.minimalism.shared.domain.ServiceConfigurationTests" time="0.001"/>
  <testcase name="testGetFileReadBufferSize_not_a_number" classname="com.minimalism.shared.domain.ServiceConfigurationTests" time="0.001"/>
  <testcase name="testSetOperatingMode" classname="com.minimalism.shared.domain.ServiceConfigurationTests" time="0"/>
  <testcase name="testSetFileReadBufferSize" classname="com.minimalism.shared.domain.ServiceConfigurationTests" time="0.001"/>
  <testcase name="testGetOutputEndpoint" classname="com.minimalism.shared.domain.ServiceConfigurationTests" time="0.002"/>
  <testcase name="testSetThreadsLoadingFactor" classname="com.minimalism.shared.domain.ServiceConfigurationTests" time="0.001"/>
  <testcase name="testSetServiceOutputEndpoint" classname="com.minimalism.shared.domain.ServiceConfigurationTests" time="0"/>
</testsuite>