<?xml version="1.0" encoding="UTF-8"?>
<testsuite xmlns:xsi="http://www.w3.org/2001/XMLSchema-instance" xsi:noNamespaceSchemaLocation="https://maven.apache.org/surefire/maven-surefire-plugin/xsd/surefire-test-report-3.0.xsd" version="3.0" name="com.minimalism.shared.domain.IterationStatisticsTests" time="0.021" tests="31" errors="0" skipped="0" failures="0">
  <properties>
[...]
</properties>
  <testcase name="testsetByteOffsetForBuffer_negative_value" classname="com.minimalism.shared.domain.IterationStatisticsTests" time="0"/>
  <testcase name="testSetValidRecords" classname="com.minimalism.shared.domain.IterationStatisticsTests" time="0.001"/>
  <testcase name="testSetBufferSize_with_negative_value" classname="com.minimalism.shared.domain.IterationStatisticsTests" time="0"/>
  <testcase name="testSetMissingInformationRecords" classname="com.minimalism.shared.domain.IterationStatisticsTests" time="0"/>
  <testcase name="testSetIterationNumber" classname="com.minimalism.shared.domain.IterationStatisticsTests" time="0"/>
  <testcase name="testAddResidualProcessedBytes" classname="com.minimalism.shared.domain.IterationStatisticsTests" time="0"/>
  <testcase name="testSetByteOffsetInFile_negative_value" classname="com.minimalism.shared.domain.IterationStatisticsTests" time="0"/>
  <testcase name="testToString" classname="com.minimalism.shared.domain.IterationStatisticsTests" time="0.002"/>
  <testcase name="testSetIterationNumber_negative_value" classname="com.minimalism.shared.domain.IterationStatisticsTests" time="0.001"/>
  <testcase name="testSetThreadName_null_value" classname="com.minimalism.shared.domain.IterationStatisticsTests" time="0"/>
  <testcase name="testSetValidRecords_negative_value" classname="com.minimalism.shared.domain.IterationStatisticsTests" time="0.001"/>
  <testcase name="testSetProcessedBytes_negative_value" classname="com.minimalism.shared.domain.IterationStatisticsTests" time="0"/>
  <testcase name="testAddResidualProcessedRecords" classname="com.minimalism.shared.domain.IterationStatisticsTests" time="0"/>
  <testcase name="testSetBufferSize" classname="com.minimalism.shared.domain.IterationStatisticsTests" time="0"/>
  <testcase name="testSetThreadName_empty_value" classname="com.minimalism.shared.domain.IterationStatisticsTests" time="0"/>
  <testcase name="testSetInvalidRecords_negative_value" classname="com.minimalism.shared.domain.IterationStatisticsTests" time="0"/>
  <testcase name="testSetProcessedRecords_negative_value" classname="com.minimalism.shared.domain.IterationStatisticsTests" time="0"/>
  <testcase name="testSetByteOffsetForBuffer" classname="com.minimalism.shared.domain.IterationStatisticsTests" time="0"/>
  <testcase name="testSetProcessedRecords" classname="com.minimalism.shared.domain.IterationStatisticsTests" time="0.001"/>
  <testcase name="testHashCode" classname="com.minimalism.shared.domain.IterationStatisticsTests" time="0"/>
  <testcase name="testSetByteOffsetInFile" classname="com.minimalism.shared.domain.IterationStatisticsTests" time="0"/>
  <testcase name="testSetThreadName" classname="com.minimalism.shared.domain.IterationStatisticsTests" time="0.001"/>
  <testcase name="testSetThreadName_blank_value" classname="com.minimalism.shared.domain.IterationStatisticsTests" time="0"/>
  <testcase name="testGetParsingDuration" classname="com.minimalism.shared.domain.IterationStatisticsTests" time="0.001"/>
  <testcase name="testSetWorkerId" classname="com.minimalism.shared.domain.IterationStatisticsTests" time="0.001"/>
  <testcase name="testSetProcessedBytes" classname="com.minimalism.shared.domain.IterationStatisticsTests" time="0"/>
  <testcase name="testSetInvalidRecords" classname="com.minimalism.shared.domain.IterationStatisticsTests" time="0"/>
  <testcase name="testSetWorkerId_negative_value" classname="com.minimalism.shared.domain.IterationStatisticsTests" time="0"/>
  <testcase name="testGetPublishingDuration" classname="com.minimalism.shared.domain.IterationStatisticsTests" time="0"/>
  <testcase name="testGetIterationDuration" classname="com.minimalism.shared.domain.IterationStatisticsTests" time="0"/>
  <testcase name="testMissingInformationRecords_negative_value" classname="com.minimalism.shared.domain.IterationStatisticsTests" time="0"/>
</testsuite>